<?xml version="1.0" encoding="UTF-8"?>
<!-- Generated by org.testng.reporters.JUnitXMLReporter -->
<testsuite hostname="LAPTOP-HPGRN3FM" ignored="0" name="firstTest" tests="5" failures="0" timestamp="02 Oct 2018 19:50:47 GMT" time="27.25" errors="0">
  <testcase name="a" time="0.005" classname="browsing.FistTestNG"/>
  <testcase name="f" time="0.001" classname="browsing.FistTestNG"/>
  <testcase name="z" time="0.001" classname="browsing.FistTestNG"/>
  <testcase name="f" time="5.254" classname="browsing.TestNG1"/>
  <testcase name="login" time="3.626" classname="browsing.SampleTest"/>
</testsuite> <!-- firstTest -->
