<?xml version="1.0" encoding="UTF-8"?>
<!-- Generated by org.testng.reporters.JUnitXMLReporter -->
<testsuite hostname="LAPTOP-HPGRN3FM" ignored="0" name="microsoft Test" tests="1" failures="0" timestamp="21 Apr 2019 06:48:36 GMT" time="0.102" errors="0">
  <testcase name="@BeforeMethod startProcess" time="0.013" classname="com.com.firstselenium.Browserlaunchtest2">
    <failure type="java.lang.NullPointerException">
      <![CDATA[java.lang.NullPointerException
at com.com.firstselenium.Browserlaunchtest2.startProcess(Browserlaunchtest2.java:35)
at java.util.concurrent.FutureTask.run(FutureTask.java:266)
at java.util.concurrent.ThreadPoolExecutor.runWorker(ThreadPoolExecutor.java:1149)
at java.util.concurrent.ThreadPoolExecutor$Worker.run(ThreadPoolExecutor.java:624)
at java.lang.Thread.run(Thread.java:748)
... Removed 19 stack frames]]>
    </failure>
  </testcase> <!-- @BeforeMethod startProcess -->
  <testcase name="@AfterMethod Endprocesss" time="0.0" classname="com.com.firstselenium.Browserlaunchtest2">
    <skipped/>
  </testcase> <!-- @AfterMethod Endprocesss -->
  <testcase name="findelement" time="0.0" classname="com.com.firstselenium.Browserlaunchtest2">
    <skipped/>
  </testcase> <!-- findelement -->
</testsuite> <!-- microsoft Test -->
