<?xml version="1.0" encoding="UTF-8"?>
<!-- Generated by org.testng.reporters.JUnitXMLReporter -->
<testsuite hostname="LAPTOP-HPGRN3FM" ignored="6" name="Test" tests="2" failures="1" timestamp="25 Apr 2019 14:27:31 GMT" time="1.052" errors="0">
  <testcase name="z" time="0.021" classname="com.com.firstselenium.secondTestngtest"/>
  <testcase name="launch" time="1.002" classname="com.com.firstselenium.Browserlaunchtestng">
    <failure type="java.lang.NullPointerException">
      <![CDATA[java.lang.NullPointerException
at com.com.firstselenium.Browserlaunchtestng.launch(Browserlaunchtestng.java:31)
... Removed 25 stack frames]]>
    </failure>
  </testcase> <!-- launch -->
  <testcase name="f" time="0.0" classname="com.com.firstselenium.secondTestngtest">
    <ignored/>
  </testcase> <!-- f -->
  <testcase name="z" time="0.0" classname="com.com.firstselenium.Testngtestfirst">
    <ignored/>
  </testcase> <!-- z -->
  <testcase name="x" time="0.0" classname="com.com.firstselenium.Testngtestfirst">
    <ignored/>
  </testcase> <!-- x -->
  <testcase name="a" time="0.0" classname="com.com.firstselenium.secondTestngtest">
    <ignored/>
  </testcase> <!-- a -->
  <testcase name="f" time="0.0" classname="com.com.firstselenium.Testngtestfirst">
    <ignored/>
  </testcase> <!-- f -->
  <testcase name="f" time="0.0" classname="com.com.firstselenium.Allannotationsworks">
    <ignored/>
  </testcase> <!-- f -->
</testsuite> <!-- Test -->
