<?xml version="1.0" encoding="UTF-8"?>
<testng-results skipped="0" failed="0" total="1" passed="1">
  <reporter-output>
  </reporter-output>
  <suite name="Suite" duration-ms="4577" started-at="2019-05-28T07:25:28Z" finished-at="2019-05-28T07:25:32Z">
    <groups>
    </groups>
    <test name="Test" duration-ms="4577" started-at="2019-05-28T07:25:28Z" finished-at="2019-05-28T07:25:32Z">
      <class name="com.ATMbanking.testcases.TC_login1_001">
        <test-method status="PASS" signature="setup()[pri:0, instance:com.ATMbanking.testcases.TC_login1_001@5e5792a0]" name="setup" is-config="true" duration-ms="2194" started-at="2019-05-28T12:55:28Z" finished-at="2019-05-28T12:55:30Z">
          <reporter-output>
          </reporter-output>
        </test-method> <!-- setup -->
        <test-method status="PASS" signature="logintest()[pri:0, instance:com.ATMbanking.testcases.TC_login1_001@5e5792a0]" name="logintest" duration-ms="2352" started-at="2019-05-28T12:55:30Z" finished-at="2019-05-28T12:55:32Z">
          <reporter-output>
          </reporter-output>
        </test-method> <!-- logintest -->
      </class> <!-- com.ATMbanking.testcases.TC_login1_001 -->
    </test> <!-- Test -->
  </suite> <!-- Suite -->
</testng-results>
