<?xml version="1.0" encoding="UTF-8"?>
<!-- Generated by org.testng.reporters.JUnitXMLReporter -->
<testsuite ignored="0" hostname="Vinods-PC" failures="1" tests="2" name="firefoxTest" time="2.202" errors="0" timestamp="08 Jan 2019 21:33:51 GMT">
  <testcase classname="Way2Automation.Functionality" name="@BeforeTest OpenBrowser" time="0.07">
    <failure type="java.lang.NullPointerException">
      <![CDATA[java.lang.NullPointerException
at Way2Automation.Crossbrowser.browsertest(Crossbrowser.java:29)
at Way2Automation.Functionality.OpenBrowser(Functionality.java:22)
at java.base/java.util.concurrent.FutureTask.run(Unknown Source)
at java.base/java.util.concurrent.ThreadPoolExecutor.runWorker(Unknown Source)
at java.base/java.util.concurrent.ThreadPoolExecutor$Worker.run(Unknown Source)
at java.base/java.lang.Thread.run(Unknown Source)
... Removed 15 stack frames]]>
    </failure>
  </testcase> <!-- @BeforeTest OpenBrowser -->
  <testcase classname="Way2Automation.Functionality" name="fun" time="0.0">
    <skipped/>
  </testcase> <!-- fun -->
  <testcase classname="Way2Automation.Functionality" name="fun" time="2.011">
    <failure type="java.lang.NullPointerException">
      <![CDATA[java.lang.NullPointerException
at Listeners.TestListener.onTestSkipped(TestListener.java:68)
at java.base/java.util.concurrent.FutureTask.run(Unknown Source)
at java.base/java.util.concurrent.ThreadPoolExecutor.runWorker(Unknown Source)
at java.base/java.util.concurrent.ThreadPoolExecutor$Worker.run(Unknown Source)
at java.base/java.lang.Thread.run(Unknown Source)
... Removed 14 stack frames]]>
    </failure>
  </testcase> <!-- fun -->
</testsuite> <!-- firefoxTest -->
