<?xml version="1.0" encoding="UTF-8"?>
<testng-results skipped="0" failed="0" ignored="0" total="1" passed="1">
  <reporter-output>
  </reporter-output>
  <suite name="Default suite" duration-ms="195642" started-at="2018-10-12T09:32:04Z" finished-at="2018-10-12T09:35:20Z">
    <groups>
    </groups>
    <test name="Default test" duration-ms="195642" started-at="2018-10-12T09:32:04Z" finished-at="2018-10-12T09:35:20Z">
      <class name="MarvenGroup.MarvenArtifact.BrowserLaunch">
        <test-method status="PASS" signature="beforeMethod()[pri:0, instance:MarvenGroup.MarvenArtifact.BrowserLaunch@66a3ffec]" name="beforeMethod" is-config="true" duration-ms="195577" started-at="2018-10-12T05:32:05Z" finished-at="2018-10-12T05:35:20Z">
          <reporter-output>
          </reporter-output>
        </test-method> <!-- beforeMethod -->
        <test-method status="PASS" signature="f()[pri:0, instance:MarvenGroup.MarvenArtifact.BrowserLaunch@66a3ffec]" name="f" duration-ms="31" started-at="2018-10-12T05:35:20Z" finished-at="2018-10-12T05:35:20Z">
          <reporter-output>
          </reporter-output>
        </test-method> <!-- f -->
        <test-method status="PASS" signature="afterMethod()[pri:0, instance:MarvenGroup.MarvenArtifact.BrowserLaunch@66a3ffec]" name="afterMethod" is-config="true" duration-ms="0" started-at="2018-10-12T05:35:20Z" finished-at="2018-10-12T05:35:20Z">
          <reporter-output>
          </reporter-output>
        </test-method> <!-- afterMethod -->
      </class> <!-- MarvenGroup.MarvenArtifact.BrowserLaunch -->
    </test> <!-- Default test -->
  </suite> <!-- Default suite -->
</testng-results>
