<?xml version="1.0" encoding="UTF-8"?>
<testng-results skipped="0" failed="0" total="1" passed="1">
  <reporter-output>
  </reporter-output>
  <suite name="Suite" duration-ms="25007" started-at="2019-05-31T15:08:57Z" finished-at="2019-05-31T15:09:22Z">
    <groups>
    </groups>
    <test name="Test" duration-ms="25007" started-at="2019-05-31T15:08:57Z" finished-at="2019-05-31T15:09:22Z">
      <class name="com.Netbanking.pageobject.Testng001">
        <test-method status="PASS" signature="setup(java.lang.String)[pri:0, instance:com.Netbanking.pageobject.Testng001@3ffc5af1]" name="setup" is-config="true" duration-ms="19126" started-at="2019-05-31T20:38:57Z" finished-at="2019-05-31T20:39:16Z">
          <params>
            <param index="0">
              <value>
                <![CDATA[chrome]]>
              </value>
            </param>
          </params>
          <reporter-output>
          </reporter-output>
        </test-method> <!-- setup -->
        <test-method status="PASS" signature="test()[pri:0, instance:com.Netbanking.pageobject.Testng001@3ffc5af1]" name="test" duration-ms="5017" started-at="2019-05-31T20:39:16Z" finished-at="2019-05-31T20:39:21Z">
          <reporter-output>
          </reporter-output>
        </test-method> <!-- test -->
        <test-method status="PASS" signature="setdown()[pri:0, instance:com.Netbanking.pageobject.Testng001@3ffc5af1]" name="setdown" is-config="true" duration-ms="838" started-at="2019-05-31T20:39:21Z" finished-at="2019-05-31T20:39:22Z">
          <reporter-output>
          </reporter-output>
        </test-method> <!-- setdown -->
      </class> <!-- com.Netbanking.pageobject.Testng001 -->
    </test> <!-- Test -->
  </suite> <!-- Suite -->
</testng-results>
