<?xml version="1.0" encoding="UTF-8"?>
<!-- Generated by org.testng.reporters.JUnitXMLReporter -->
<testsuite hostname="LAPTOP-HPGRN3FM" ignored="1" name="myfirst test" tests="5" failures="0" timestamp="18 Apr 2019 10:11:41 GMT" time="48.685" errors="0">
  <testcase name="findelement" time="16.074" classname="com.com.firstselenium.Browserlaunchtest2"/>
  <testcase name="launch" time="1.004" classname="com.com.firstselenium.Browserlaunchtestng"/>
  <testcase name="z" time="0.007" classname="com.com.firstselenium.secondTestngtest"/>
  <testcase name="f" time="0.012" classname="com.com.firstselenium.Testngtestfirst"/>
  <testcase name="a" time="0.003" classname="com.com.firstselenium.secondTestngtest"/>
  <testcase name="f" time="0.0" classname="com.com.firstselenium.secondTestngtest">
    <ignored/>
  </testcase> <!-- f -->
</testsuite> <!-- myfirst test -->
